<?xml version="1.0" encoding="UTF-8"?><testsuite errors="0" failures="0" name="com.BVCurrency.currencylist.CurrencyListTest" skipped="0" tests="2" time="29.61" timestamp="2022-02-12T18:04:22.952Z[Europe/London]"><testcase classname="com.BVCurrency.currencylist.CurrencyListTest" name="Getting the list of all currencies and verifying GBP &amp; USD in the list, list has more than 20 items &amp; storing all abbreviations to an ArrayList "/><testcase classname="com.BVCurrency.currencylist.CurrencyListTest" name="Getting single currency record and checking that all currencies have same amount of currencies to exchange to"/></testsuite>